<?xml version="1.0" encoding="UTF-8"?>
<testng-results skipped="0" failed="0" total="2" passed="2">
  <reporter-output>
  </reporter-output>
  <suite name="Default suite" duration-ms="20361" started-at="2015-03-30T19:12:10Z" finished-at="2015-03-30T19:12:30Z">
    <groups>
    </groups>
    <test name="Default test" duration-ms="20361" started-at="2015-03-30T19:12:10Z" finished-at="2015-03-30T19:12:30Z">
      <class name="com.facebook.tests.LoginTest">
        <test-method status="PASS" signature="init()[pri:0, instance:com.facebook.tests.LoginTest@ea4a92b]" name="init" is-config="true" duration-ms="3734" started-at="2015-03-30T22:12:20Z" finished-at="2015-03-30T22:12:24Z">
          <reporter-output>
          </reporter-output>
        </test-method> <!-- init -->
        <test-method status="PASS" signature="runTest()[pri:0, instance:com.facebook.tests.LoginTest@ea4a92b]" name="runTest" duration-ms="6228" started-at="2015-03-30T22:12:24Z" finished-at="2015-03-30T22:12:30Z">
          <reporter-output>
          </reporter-output>
        </test-method> <!-- runTest -->
        <test-method status="PASS" signature="teradown()[pri:0, instance:com.facebook.tests.LoginTest@ea4a92b]" name="teradown" is-config="true" duration-ms="0" started-at="2015-03-30T22:12:30Z" finished-at="2015-03-30T22:12:30Z">
          <reporter-output>
          </reporter-output>
        </test-method> <!-- teradown -->
      </class> <!-- com.facebook.tests.LoginTest -->
      <class name="com.facebook.tests.RegisterTest">
        <test-method status="PASS" signature="init()[pri:0, instance:com.facebook.tests.RegisterTest@6833ce2c]" name="init" is-config="true" duration-ms="3955" started-at="2015-03-30T22:12:10Z" finished-at="2015-03-30T22:12:14Z">
          <reporter-output>
          </reporter-output>
        </test-method> <!-- init -->
        <test-method status="PASS" signature="runTest()[pri:0, instance:com.facebook.tests.RegisterTest@6833ce2c]" name="runTest" duration-ms="6437" started-at="2015-03-30T22:12:14Z" finished-at="2015-03-30T22:12:20Z">
          <reporter-output>
          </reporter-output>
        </test-method> <!-- runTest -->
        <test-method status="PASS" signature="teradown()[pri:0, instance:com.facebook.tests.RegisterTest@6833ce2c]" name="teradown" is-config="true" duration-ms="0" started-at="2015-03-30T22:12:20Z" finished-at="2015-03-30T22:12:20Z">
          <reporter-output>
          </reporter-output>
        </test-method> <!-- teradown -->
      </class> <!-- com.facebook.tests.RegisterTest -->
    </test> <!-- Default test -->
  </suite> <!-- Default suite -->
</testng-results>
